{"level":"info","msg":"Starting RTMP to RTSP converter service","time":"2025-05-25T15:43:15+05:00"}
{"level":"info","msg":"Server starting on 0.0.0.0:8080","time":"2025-05-25T15:43:15+05:00"}
[GIN] 2025/05/25 - 15:43:16 | 200 |      42.667µs |             ::1 | GET      "/api/v1/health"
[GIN] 2025/05/25 - 15:43:16 | 200 |     124.959µs |             ::1 | GET      "/api/v1/health"
[GIN] 2025/05/25 - 15:43:30 | 200 |     134.083µs |             ::1 | GET      "/api/v1/health"
[GIN] 2025/05/25 - 15:43:30 | 200 |    1.171584ms |             ::1 | GET      "/api/v1/health"
[GIN] 2025/05/25 - 15:43:30 | 404 |         250ns |             ::1 | GET      "/favicon.ico"
[GIN] 2025/05/25 - 15:43:30 | 404 |     600.416µs |             ::1 | GET      "/favicon.ico"
[GIN] 2025/05/25 - 15:43:34 | 200 |      441.25µs |             ::1 | GET      "/api/v1/streams"
[GIN] 2025/05/25 - 15:43:34 | 200 |     486.334µs |             ::1 | GET      "/api/v1/streams"
[GIN] 2025/05/25 - 15:44:05 | 200 |      35.417µs |             ::1 | GET      "/api/v1/streams"
[GIN] 2025/05/25 - 15:44:05 | 200 |     169.792µs |             ::1 | GET      "/api/v1/streams"
[GIN] 2025/05/25 - 15:44:05 | 200 |      19.416µs |             ::1 | GET      "/api/v1/streams"
[GIN] 2025/05/25 - 15:44:05 | 200 |      70.375µs |             ::1 | GET      "/api/v1/streams"
[GIN] 2025/05/25 - 15:44:06 | 200 |      24.084µs |             ::1 | GET      "/api/v1/streams"
[GIN] 2025/05/25 - 15:44:06 | 200 |          92µs |             ::1 | GET      "/api/v1/streams"
[GIN] 2025/05/25 - 15:44:14 | 200 |      21.292µs |             ::1 | GET      "/api/v1/health"
[GIN] 2025/05/25 - 15:44:14 | 200 |     155.958µs |             ::1 | GET      "/api/v1/health"
[GIN] 2025/05/25 - 15:44:18 | 200 |      93.875µs |       127.0.0.1 | GET      "/api/v1/health"
[GIN] 2025/05/25 - 15:44:18 | 200 |     185.167µs |       127.0.0.1 | GET      "/api/v1/health"
[GIN] 2025/05/25 - 15:46:54 | 200 |      24.375µs |             ::1 | GET      "/api/v1/health"
[GIN] 2025/05/25 - 15:46:54 | 200 |        59.5µs |             ::1 | GET      "/api/v1/health"
[GIN] 2025/05/25 - 15:46:54 | 200 |      17.416µs |             ::1 | GET      "/api/v1/health"
[GIN] 2025/05/25 - 15:46:54 | 200 |      44.042µs |             ::1 | GET      "/api/v1/health"
[GIN] 2025/05/25 - 15:46:54 | 201 |     120.209µs |             ::1 | POST     "/api/v1/streams"
[GIN] 2025/05/25 - 15:46:54 | 201 |     145.667µs |             ::1 | POST     "/api/v1/streams"
{"level":"info","msg":"Starting FFmpeg for stream test-stream: rtmp://demo.unified-streaming.com/k8s/features/stable/video/tears-of-steel/tears-of-steel.ism/.m3u8 -\u003e rtsp://0.0.0.0:8554/test-stream","time":"2025-05-25T15:46:54+05:00"}
{"error":"context canceled","level":"error","msg":"Failed to start FFmpeg for stream test-stream","time":"2025-05-25T15:46:54+05:00"}
[GIN] 2025/05/25 - 15:46:56 | 200 |      46.167µs |             ::1 | GET      "/api/v1/streams"
[GIN] 2025/05/25 - 15:46:56 | 200 |     101.416µs |             ::1 | GET      "/api/v1/streams"
[GIN] 2025/05/25 - 15:46:56 | 200 |       34.75µs |             ::1 | GET      "/api/v1/streams/test-stream"
[GIN] 2025/05/25 - 15:46:56 | 200 |      78.625µs |             ::1 | GET      "/api/v1/streams/test-stream"
[GIN] 2025/05/25 - 17:24:33 | 200 |      51.833µs |             ::1 | GET      "/api/v1/health"
[GIN] 2025/05/25 - 17:24:33 | 200 |     324.792µs |             ::1 | GET      "/api/v1/health"
[GIN] 2025/05/25 - 17:24:40 | 404 |         334ns |             ::1 | GET      "/api/v1/"
[GIN] 2025/05/25 - 17:24:40 | 404 |     256.084µs |             ::1 | GET      "/api/v1/"
[GIN] 2025/05/25 - 17:24:43 | 200 |     180.542µs |             ::1 | GET      "/api/v1/streams"
[GIN] 2025/05/25 - 17:24:43 | 200 |     332.542µs |             ::1 | GET      "/api/v1/streams"
[GIN] 2025/05/25 - 17:25:23 | 201 |     163.375µs |             ::1 | POST     "/api/v1/streams"
[GIN] 2025/05/25 - 17:25:23 | 201 |         231µs |             ::1 | POST     "/api/v1/streams"
{"level":"info","msg":"Starting FFmpeg for stream demo: rtmp://localhost:1935/live/webcam -\u003e rtsp://0.0.0.0:8554/demo","time":"2025-05-25T17:25:23+05:00"}
{"error":"context canceled","level":"error","msg":"Failed to start FFmpeg for stream demo","time":"2025-05-25T17:25:23+05:00"}
[GIN] 2025/05/25 - 17:25:28 | 200 |      79.834µs |             ::1 | GET      "/api/v1/streams"
[GIN] 2025/05/25 - 17:25:28 | 200 |     151.292µs |             ::1 | GET      "/api/v1/streams"
